[  0.00000]niializngcgoup subsyspuet
[    00000  Intialzig ggroupsubsys cpu
[    0.000000] Initializincgroup subsys cpcct
   0.000] Lnnuxveio 4.4.0-81-geerc buld@@lgw01-2)gc vrrsion 5.4.0 216609Ubuntu 54.-6ubunt1~6.4.4 )104-Ubunt SP edJun 14 08:17:6 UTC 217(Ubuntu 4.4.0-8.104-generic 4.467
    0.00000] oman  line: BOOT_IMA=/oot/vmlnuz-4..081-generic root=UI=567a88-a3b543d-a2a-f59486539 r console=ty csole=tty0[   0.00000] RNLL spporedcps:
[   0.0000]   Intl enuinIntel
   0.00000]  MDAuhenticAD[   0.000000  Cetar CentarHls
[   0.0000] x86/fpu: xstate_offset[2]:  576, xstat_sizs[2]:  256
[    0.000000] x86/fpu: Supporting XSAVE feature 0x01: 'x87 floating point registers'
[    0.000000] x86/fpu: Supporing XVE featu 0x02'SE registers'
[    0.000000] x86/fu:upportingSAE eature 0x04 'VXegisters'
[    000000] x8/fp: Enbld xtate featre 0x contextsize  82 bytesusng 'standard' orat
    0.0000]86/fpu:Usg 'lay' FPU cotet swihes.
   0.000000] e20: BIS-proviedphyical RM p:
    0.0000] BIO-e0:[me0x000000000000-000000000009fbff] sale
[   0.0000] BIOS-82: [me0x0000000009c00-0x0000000009ffff rseved
[   0.0000] BIOS-e820: me 0x0000000f0000-0x00000000ffff]eserved[    00000]BIOS-82: [mm 0x0000000010000-x000000dffeff]sable[  0.000000] BIOS-e820: [mm 0x00000dfff0000-0x000000dffffff AII da
[   0.00000] IOS-e820 [mem 0000000fffc0000x0000000fffffff] resrvd
[  000000] BIOS-e820: [em0x000000010000000-x000000011fffffff] usable
[   0.0000]NNX Excute Diaable) otectin: actie[    0.00000]SMIOS 2.5 prent
[    0.0000 Hperviso deced: KVM
[  000000] e20 last_pfn = 0x12000 axarch_pfn =0x400000000
[    .0000] MTRR: Dibld
[    0.000] x86/PAT: MTs isabled, skippngATinitilition to.
[    000000 x86PA: Conigratio [--7] W  WT  U- UC B WT  UC- C  [   0.000000] CPU MTRR al bnk virtuaizesyste.
[    .00000] e20 lastfn = ddfff mx_archpfn = 0x40000000
[    0000000] foud SMP MP-table at [mem 0x0009fff0-0x0009ffff] maped at[ff88000009f0
    0.0000] anning 1arasforllowmemoy rrrution[    .00000 RAMDSK[mem00x3d800-0x3756ff
    0.000000 APIEarly tblchcksum verificaio dsalled
[    0.00000] ACPI RSD 000000000E000000024 (02VBOX )
[   0.0000] CPI: XST x0000000DFF3000003C (v01VBX  VOXXSDT 00001 AS  0000061
    0.00000] CP: FAC 0x00000000DFFF0F0000F4 (v4 VBO  BOXFACP 0001 ASL  00006)
[    000000] API:: DSDT0x00000DFFF00 002118 (v01 VBX   VBOXBIS 000002 NTL 20028)
[    .0000]ACPI: FAC 0000000DFFF0200 00040
[   ..000000] ACI:AACS0x000000DFF0200 00004
[    0.000000] API APIC 0x0000000DFF020 00005Cv0 VOX   VBOXAPIC000001 ASL 00001)
[   0.0000 ACI: SSD 0000000DFF02A0 001C (v01 BO   VOXCPU 000002 NNTL010052)
[    0.000000] No NUMA configuration found
[    0.000000] Faking a node at [mem 0x0000000000000000-0x000000011fffffff]
[    0.000000] NODE_DATA(0) allocated [mem 0x11fff7000-0x11fffbfff]
[    00000 kvm-lok: Usng msrs 4b564d01 ad b564d0[   0.0000] kvmclock cu , msr 1:1ff00, rimary cuu coc
[   0.0000]kv-clock:usngcched offset of 359352033 cyces
[    0.000000 clocksource: kvm-cloc: as: 0fffffffffffff max_ccles: 0x1c42e4df, max_dl_ns: 819091483 ns
[   .0000] Zonerage:
[   0.0000    DMA     [mem0x000000000100-00000000000fffff
    0.000000] DM32   [memx00000001000-x00000000fffffff]
[    0.000000]   Normal   [mem 0x0000000100000000-0x000000011fffffff]
[    0.000000]   Device   empty
[    0.000000] Movable zone start for each node
[    0.000000] Early memory node ranges
[    0.000000]   node   0: [mem 0x0000000000001000-0x000000000009efff]
[    0.000000]   node   0: [mem 0x0000000000100000-0x00000000dffeffff]
[   0.000000   nod  0: [m 0x0000001000000x00000011fffff]
[    0.00000 Iitmem setup node 0 [mem 0x000000000000100-x0000011ffffff]     00000 ACPI: PM-imr O oort: 0x40
     0000000 IAPIC[]:apicid 2,veion 17, addres 0fe00000, GI -2
[    0.000000] ACPI: INT_SRC_OVR (bus 0 bus_irq 0 global_irq 2 dfl dfl)
[    0.000000] ACPI: INT_SRC_OVR (bus 0 bus_irq 9 global_irq 9 high level)
[    0.000000] Using ACPI (MADT) for SMP configuration information
[    0.000000] smpboot: Allowing 2 CPUs, 0 hotplug CPUs
[    0.000000] PM: Registered nosave memory:[mm x0000000-0x000ff]
[    0000000 P: Regstred nosae memory: [mem0x009f000-0x09fff
[    0.0000]PM: Regteednoave memry [em0x000a0000-x00efff
[   .000000] PM:Registered nosave memory: [mem 0x000f0000-0x000fffff]
[    0.000000] PM: Registered nosave memory: [mem 0xdfff0000-0xdfffffff]
[    0.000000] PM: Registered nosave memory: [mem 0xe0000000-0xfffbffff]
[    0.00000 PM: egstered nsaee memry [mem xxffc00-0xffffffff]
  0.00000] e20[mm 0xe0000000xffbfff] aaiabe for PI devce
[    .00000]Booting paravirualized kernel on KVM
[    0.00000 clocksource: refine-jffs: mask: xffffff macyes: 0xfffffff mx_idle_ns: 764516021156 ns
[   0.00000 stup_pecpu: NR_CPUS51 nr_cpumask_ts512 nr_cpuiids n_node_ids:1
[   00000] PERCPU:mbdd  33 pags/pufffff88011f0000s9826r8192 2812 u10476
[  0.0000] PVqspinlckhah table entries: 26 orer: 0, 09 bes)
[    0.0000] Buil 1zzonlistsinNoe oer, moblit groupingon  Tta page: 32057
[    0.0000] oliicy zone: Nrml
[    .0000] Kernel comndline: BOOT_MAE=/bot/vmliuz.4.0-81-generic rootUUID=5ab8883b5-43d4a9a-f594e863924 ro conole=tty cnsle=ttS0
[   0.000000] PID shtale entries 496(oder: 3, 3278 te)
[    00000 Memry 403222K/4193848K available (8469Kkernel code, 1294K rwat,, 3984K rdaa, 184K iit 116K bss, 16156 rerved, 0cmreserved)
[    0.00000] LUB: HWalign=64 Ode==0-, MinOjets= CPUs=, oodes=
   0.000000Hirachical RCU implementation.
[    0.000000] 	il-tme adjutmntff leaf fanot o 4.
[    0.0000]	RCU restritig PPUsrom NR_CPUS51 to nr_cpu_ds2.
[  0000000] RCU: Ausin geometry f ru_anout_leaf4, nr_cu_ids=2
[    0.000000] NR_IRQS:33024 nr_irqs:440 16
[    0.000000] Console: colour VGA+ 80x25
[    0.000000] console [tty1] enabled
     0.000000] conle [tyS0]enbld
    .000000] tsc: Detected 2793.532 MHz processor
[   31.843456] Calibrating delay loop (skipped) preset value.. 5587.06 BogoMIPS (lpj=11174128)
[   32.122983] pid_max: default: 32768 minimum: 301
[   32.248415] ACPI: Core revision 20150930
[   32.373325] ACPI: 2 ACPI AML tables successfully acquired and loaded
[   32.564284] Security Framework initialized
[   32.679564] Yama: becoming mindful.
[   32.759166] AppArmor: AppArmor initialized
[   32.844340] Dentry cache hash table entries: 524288 (order: 10, 4194304 bytes)
[   32.991788] Inode-cache hash table entries: 262144 (order: 9, 2097152 bytes)
[   33.262148] Mount-cache hash table entries: 8192 (order: 4, 65536 bytes)
[   33.480808] Mountpoint-cache hash table entries: 8192 (order: 4, 65536 bytes)
[   33.608391] Initializing cgroup subsys io
[   33.619668] Initializing cgroup subsys memory
[   33.799821] Initializing cgroup subsys devices
[   33.895694] Initializing cgroup subsys freezer
[   33.896654] Initializing cgroup subsys net_cls
[   33.897631] Initializing cgroup subsys perf_event
[   33.913030] Initializing cgroup subsys net_prio
[   34.084220] Initializing cgroup subsys hugetlb
[   34.208273] Initializing cgroup subsys pids
[   34.315947] CPU: Physical Processor ID: 0
[   34.427795] CPU: Processor Core ID: 0
[   34.543503] mce: CPU supports 0 MCE banks
[   34.647980] Last level iTLB entries: 4KB 1024, 2MB 1024, 4MB 1024
[   34.831756] Last level dTLB entries: 4KB 1024, 2MB 1024, 4MB 1024, 1GB 4
[   35.015408] Freeing SMP alternatives memory: 32K (ffffffff820b8000 - ffffffff820c0000)
[   35.258148] ftrace: allocating 32129 entries in 126 pages
[   35.466342] smpboot: APIC(0) Converting physical 0 to logical package 0
[   35.738407] smpboot: Max logical packages: 1
[   35.768428] ..TIMER: vector=0x30 apic1=0 pin1=2 apic2=-1 pin2=-1
[   36.067393] APIC calibration not consistent with PM-Timer: 184ms instead of 100ms
[   36.292829] APIC delta adjusted to PM-Timer: 6248921 (11529049)
[   36.495977] smpboot: CPU0: Intel(R) Core(TM) i7-4980HQ CPU @ 2.80GHz (family: 0x6, model: 0x46, stepping: 0x1)
[   36.862923] Performance Events: unsupported p6 CPU model 70 no PMU driver, software events only.
[   37.106552] KVM setup paravirtual spinlock
[   37.286269] x86: Booting SMP configuration:
[   37.416889] .... node  #0, CPUs:      #1
[   37.586811] kvm-clock: cpu 1, msr 1:1ffef041, secondary cpu clock
[   37.713603] mce: CPU supports 0 MCE banks
[   37.820389] x86: Booted up 1 node, 2 CPUs
[   37.921116] smpboot: Total of 2 processors activated (11174.12 BogoMIPS)
[   38.032567] devtmpfs: initialized
[   38.134456] evm: security.selinux
[   38.241276] evm: security.SMACK64
[   38.343135] evm: security.SMACK64EXEC
[   38.463650] evm: security.SMACK64TRANSMUTE
[   38.629717] evm: security.SMACK64MMAP
[   38.730828] evm: security.ima
[   38.841614] evm: security.capability
[   38.957658] clocksource: jiffies: mask: 0xffffffff max_cycles: 0xffffffff, max_idle_ns: 7645041785100000 ns
[   39.064031] futex hash table entries: 512 (order: 3, 32768 bytes)
[   39.250811] pinctrl core: initialized pinctrl subsystem
[   39.387031] RTC time:  9:21:23, date: 06/20/17
[   39.482185] NET: Registered protocol family 16
[   39.496043] cpuidle: using governor ladder
[   39.612982] cpuidle: using governor menu
[   39.696101] PCCT header not found.
[   39.781362] ACPI: bus type PCI registered
[   39.881826] acpiphp: ACPI Hot Plug PCI Controller Driver version: 0.5
[   40.024439] PCI: Using configuration type 1 for base access
[   40.132836] ACPI: Added _OSI(Module Device)
[   40.224743] ACPI: Added _OSI(Processor Device)
[   40.397805] ACPI: Added _OSI(3.0 _SCP Extensions)
[   40.532970] ACPI: Added _OSI(Processor Aggregator Device)
[   40.697291] ACPI: Executed 1 blocks of module-level executable AML code
[   40.830412] ACPI: Interpreter enabled
[   40.928605] ACPI: (supports S0 S5)
[   41.029662] ACPI: Using IOAPIC for interrupt routing
[   41.154081] PCI: Using host bridge windows from ACPI; if necessary, use "pci=nocrs" and report a bug
[   41.238520] ACPI: PCI Root Bridge [PCI0] (domain 0000 [bus 00-ff])
[   41.429320] acpi PNP0A03:00: _OSC: OS supports [ASPM ClockPM Segments MSI]
[   41.632354] acpi PNP0A03:00: _OSC failed (AE_NOT_FOUND); disabling ASPM
[   41.842013] acpi PNP0A03:00: fail to add MMCONFIG information, can't access extended PCI configuration space under this bridge.
[   42.156178] PCI host bridge to bus 0000:00
[   42.277362] pci_bus 0000:00: root bus resource [io  0x0000-0x0cf7 window]
[   42.380004] pci_bus 0000:00: root bus resource [io  0x0d00-0xffff window]
[   42.469914] pci_bus 0000:00: root bus resource [mem 0x000a0000-0x000bffff window]
[   42.557167] pci_bus 0000:00: root bus resource [mem 0xe0000000-0xffdfffff window]
[   42.780010] pci_bus 0000:00: root bus resource [bus 00-ff]
[   42.899390] pci 0000:00:01.1: legacy IDE quirk: reg 0x10: [io  0x01f0-0x01f7]
[   43.092102] pci 0000:00:01.1: legacy IDE quirk: reg 0x14: [io  0x03f6]
[   43.219962] pci 0000:00:01.1: legacy IDE quirk: reg 0x18: [io  0x0170-0x0177]
[   43.391230] pci 0000:00:01.1: legacy IDE quirk: reg 0x1c: [io  0x0376]
[   43.563929] ACPI: PCI Interrupt Link [LNKA] (IRQs 5 9 10 11) *0, disabled.
[   43.713138] ACPI: PCI Interrupt Link [LNKB] (IRQs 5 9 10 *11)
[   43.825401] ACPI: PCI Interrupt Link [LNKC] (IRQs 5 9 *10 11)
[   44.007807] ACPI: PCI Interrupt Link [LNKD] (IRQs 5 *9 10 11)
[   44.116330] ACPI: Enabled 2 GPEs in block 00 to 07
[   44.237402] vgaarb: setting as boot device: PCI:0000:00:02.0
[   44.353077] vgaarb: device added: PCI:0000:00:02.0,decodes=io+mem,owns=io+mem,locks=none
[   44.456230] vgaarb: loaded
[   44.514583] vgaarb: bridge control possible 0000:00:02.0
[   44.552164] SCSI subsystem initialized
[   44.666824] ACPI: bus type USB registered
[   44.828782] usbcore: registered new interface driver usbfs
[   44.939203] usbcore: registered new interface driver hub
[   45.046278] usbcore: registered new device driver usb
[   45.172090] PCI: Using ACPI for IRQ routing
[   45.268750] NetLabel: Initializing
[   45.358256] NetLabel:  domain hash size = 128
[   45.468749] NetLabel:  protocols = UNLABELED CIPSOv4
[   45.575912] NetLabel:  unlabeled traffic allowed by default
[   45.751989] amd_nb: Cannot enumerate AMD northbridges
[   45.863264] clocksource: Switched to clocksource kvm-clock
[   46.7269Aprm: pprmor FilsytemEnbld  46.39] np P AI it
[  47220] pp: PnPACI:oud  dic
[   48.171760] clocksource: acpi_pm: mask: 0xffffff max_cycles: 0xffffff, max_idle_ns: 2085701024 ns
[   48.592200] NET: Registered protocol family 2
[   48.815974] TCP established hash table entries: 32768 (order: 6, 262144 bytes)
[   48.832534] TCP bind hash table entries: 32768 (order: 7, 524288 bytes)
[   49.097067] TCP: Hash tables configured (established 32768 bind 32768)
[   49.503930] UDP hash table entries: 2048 (order: 4, 65536 bytes)
[   49.838228] UDP-Lite hash table entries: 2048 (order: 4, 65536 bytes)
[   49.934756] NET: Registered protocol family 1
[   49.938198] pci 0000:00:00.0: Limiting direct PCI/PCI transfers
[   49.947488] pci 0000:00:01.0: Activating ISA DMA hang workarounds
[   50.252554] Unpacking initramfs...
[   53.036181] Freeing initrd memory: 10800K (ffff880036ad8000 - ffff880037564000)
[   53.422362] PCI-DMA: Using software bounce buffering for IO (SWIOTLB)
[   53.767957] software IO TLB [mem 0xdbff0000-0xdfff0000] (64MB) mapped at [ffff8800dbff0000-ffff8800dffeffff]
[   54.252129] platform rtc_cmos: registered platform RTC device (no PNP device found)
[   54.270585] Scanning for low memory corruption every 60 seconds
[   54.338481] audit: initializing netlink subsys (disabled)
[   54.653198] audit: type=2000 audit(1497950459.42411): initialized
[   54.990616] Initialise system trusted keyring
[   55.202529] HugeTLB registered 2 MB page size, pre-allocatdd 0 pages
[   55.591813] tsc: Refined TSC clocksource calibration: 2792.716 MHz
[   55.903619] clocksuurce: tsc: mask: 0xffffffffffffffffmmax_cycles: 0x28415f9e244, max_idle_ns: 440795203611 ns
[   55.904662] zbud: loaded
[   55.904795] VFS: Disk quotas dquot_6.6.0
[   55.904827] VFS: Dquot-cache hash table entries: 512 (order 0, 4096 bytes)
[   55.905001] squashfs: version 4.0 (2009/01/31) Phillip Lougher
[   56.417927] fuse init (API version 7.23)
[   56.418086] Key type big_key registered
[   56.418101] Allocating IMA MOK and blacklist keyrings.
[   56.418319] Key type asymmetric registered
[   56.418326] Asymmetric key parser 'x509' registered
[   56.418388] Block layer SCSI generic (bsg) driver version 0.4 loaded (major 249)
[   56.418451] io scheduler noop registered
[   56.418453] io scheduler deadline registered (default)
[   56.418479] io scheduler cfq registered
[   56.418565] pci_hotplug: PCI Hot Plug PCI Core version: 0.5
[   56.418569] pciehp: PCI Express Hot Plug Controller Driver version: 0.4
[   56.418893] ACPI: AC Adapter [AC] (on-line)
[   56.418945] input: Power Button as /devices/LNXSYSTM:00/LNXPWRBN:00/input/input0
[   56.418948] ACPI: Power Button [PWRF]
[   56.419060] input: Sleep Button as /devices/LNXSYSTM:00/LNXSLPBN:00/input/input1
[   56.419062] ACPI: Sleep Button [SLPF]
[   56.419206] GHES: HEST is not enabled!
[   56.420268] ACPI: Battery Slot [BAT0] (battery present)
[   56.420328] Serial: 8250/16550 driver, 32 ports, IRQ sharing enabled
[   56.444546] 00:02: ttyS0 at I/O 0x3f8 (irq = 4, base_baud = 115200) is a 16550A
[   56.449903] Linux agpgart interface v0.103
[   56.657722] loop: module loaded
[   56.658122] scsi host0: ata_piix
[   56.658162] scsi host1: ata_piix
[   56.658184] ata1: PATA max UDMA/33 cmd 0x1f0 ctl 0x3f6 bmdma 0xd000 irq 14
[   56.658185] ata2: PATA max UDMA/33 cmd 0x170 ctl 0x376 bmdma 0xd008 irq 15
[   56.658239] libphy: Fixed MDIO Bus: probed
[   56.658241] tun: Universal TUN/TAP device driver, 1.6
[   56.658241] tun: (C) 1999-2004 Max Krasnyansky <maxk@qualcomm.com>
[   56.658561] PPP generic driver version 2.4.2
[   56.658612] ehci_hcd: USB 2.0 'Enhanced' Host Controller (EHCI) Driver
[   56.658615] ehci-pci: EHCI PCI platform driver
[   56.658626] ehci-platform: EHCI generic platform driver
[   56.658631] ohci_hcd: USB 1.1 'Open' Host Controller (OHCI) Driver
[   56.658634] ohci-pci: OHCI PCI platform driver
[   56.658639] ohci-platform: OHCI generic platform driver
[   56.658644]uuhci_hcd: USB Universal Host Controller Interface driver
[   56.658687] i8042: PNP: PS/2 Controller [PNP0303:PS2K,PNP0f03:PS2M] at 0x60,0x64 irq 1,12
[   56.659069] serio: i8042 KBD port at 0x60,0x64 irq 1
[   56.659071] serio: i8042 AUX port at 0x60,0x64 irq 12
[   56.659140] mousedev: PS/2 mouse device common for all mice
[   56.659371] input: AT Translated Set 2 keyboard as /devices/platform/i8042/serio0/input/input2
[   56.659675] rtc_cmos rtc_cmos: rtc core: registered rtc_cmos as rtc0
[   56.659719] rtc_cmos rtc_cmos: alarms up to one day, 114 bytes nvram
[   56.659724] i2c /dev entries driver
[   56.659764] device-mapper: uevent: version 1.0.3
[   56.659800] device-mapper: ioctl: 4.34.0-ioctl (2015-10-28) initialised: dm-devel@redhat.com
[   56.659816] ledtrig-cpu: registered to indicate activity on CPUs
[   56.660258] NET: Registered protocol family 10
[   56.660381] NET: Registered protocol family 17
[   56.660399] Key type dns_resolver registered
[   56.660499] microcode: CPU0 sig=0x40661, pf=0x40, revision=0x0
[   56.758366] microcode: CPU1 sig=0x40661, pf=0x40, revision=0x0
[   56.758460] microcode: Microcode Update Driver: v2.01 <tigran@aivazian.fsnet.co.uk>, Peter Oruba
[   56.758567] rggistered taskstats version 1
[   56.758579] Loading compiled-in X.509 certificates
[   56.759055] Loaded X.509 cert 'Build time autogenerated kernel key: 4e3fcaabc4148de0b198d1fb3d36a6c6d4cf062b'
[   56.759076] zswap: loaded using pool lzo/zbud
[   56.760114] Key type trusted registered
[   56.761683] Key type encrypted registered
[   56.761687] AppArmor: AppArmor sha1 policy hashing enabled
[   56.761689] ima: No TPM chip found, activating TPM-bypass!
[   56.761705] evm: HMAC attrs: 0x1
[   66.762024]   Magic number: 5:279:374
[   56.762051] acpi LNXVIDEO:00: hash matches
[   56.959260] rtc_cmos rtc_cmos: setting system clock to 2017-06-20 09:21:41 UTC (1497950501)
[   56.959464] BIOS EDD facility v0.16 2004-Jun-25, 0 devices found
[   56.959464] EDD information not available.
[   68.833262] Freeing unused kernel memory: 1484K (ffffffff81f45000 - ffffffff820b8000)
[   69.025376] Write protecting the kernel read-only data: 14336k
[   69.228539] Freeing unused kernel memory: 1760K (ffff880001848000 - ffff880001a00000)
[   69.494694] Freeing unused kernel memory: 112K (ffff880001de4000 - ffff880001e00000)
Loading, please [   69.641782] random: systemd-udevd: uninitialized urandom read (16 bytes read, 4 bits of entropy available)
wait...
startin[   69.642267] random: udevadm: uninitialized urandom read (16 bytes read, 4 bits of entropy available)
g version 229
[   69.642292] random: udevadm: uninitialized urandom read (16 bytes read, 4 bits of entropy available)
[   69.642372] random: udevadm: uninitialized urandom read (16 bytes read, 4 bits of entropy available)
[   69.642400] random: udevadm: uninitialized urandom read (16 bytes read, 4 bits of entropy available)
[   69.642429] random: udevadm: uninitialized urandom read (16 bytes read, 4 bits of entropy available)
[   69.642457] random: udevadm: uninitialized urandom read (16 bytes read, 4 bits of entropy available)
[   69.642484] random: udevadm: uninitialized urandom read (16 bytes read, 4 bits of entropy available)
[   69.642510] random: udevadm: uninitialized urandom read (16 bytes read, 4 bits of entropy available)
[   69.642536] random: udevadm: uninitialized urandom read (16 bytes read, 4 bits of entropy available)
[   72.317097] e1000: Intel(R) PRO/1000 Network Driver - version 7.3.21-k8-NAPI
[   72.627594] e1000: Copyright (c) 1999-2006 Intel Corporation.
[   72.743143] Fusion MPT base driver 3.04.20
[   72.750456] Copyright (c) 1999-2008 LSI Corporation
[   72.818396] Fusion MPT SPI Host driver 3.04.20
[   72.842136] AVX version of gcm_enc/dec engaged.
[   72.851207] AES CTR mode by8 optimization enabled
[   73.077216] input: ImExPS/2 Generic Explorer Mouse as /devices/platform/i8042/serio1/input/input4
[   73.392196] e1000 0000:00:03.0 eth0: (PCI:33MHz:32-bit) 02:f2:73:7c:19:36
[   73.605192] e1000 0000:00:03.0 eth0: Intel(R) PRO/1000 Network Connection
[   74.552136] e1000 0000:00:08.0 eth1: (PCI:33MHz:32-bit) 08:00:27:78:7f:fe
[   76.450430] e1000 0000:00:08.0 eth1: Intel(R) PRO/1000 Network Connection
[   76.450548] floppy0: no floppy controllers found
[   76.657316] e1000 0000:00:08.0 enp0s8: renamed from eth1
[   76.876695] mptbase: ioc0: Initiating bringup
[   76.967454] e1000 0000:00:03.0 enp0s3: renamed from eth0
[   77.135762] ioc0: LSI53C1030 A0: Capabilities={Initiator}
[   78.194571] scsi host2: ioc0: LSI53C1030 A0, FwRev=00000000h, Ports=1, MaxQ=256, IRQ=20
[   78.912751] scsi 2:0:0:0: Direct-Access     VBOX     HARDDISK         1.0  PQ: 0 ANSI: 5
[   79.292952] scsi target2:0:0: Beginning Domain Validation
[   79.309384] scsi target2:0:0: Domain Validation skipping write tests
[   79.327510] scsi target2:0:0: Ending Domain Validation
[   79.389392] scsi target2:0:0: asynchronous
[   79.423111] scsi 2:0:1:0: Direct-Access     VBOX     HARDDISK         1.0  PQ: 0 ANSI: 5
[   79.736461] scsi target2:0:1: Beginning Domain Validation
[   80.013507] scsi target2:0:1: Domain Validation skipping write tests
[   80.151667] scsi target2:0:1: Ending Domain Validation
[   80.432292] scsi target2:0:1: asynchronous
[   80.449580] sd 2:0:0:0: [sda] 20971520 512-byte logical blocks: (10.7 GB/10.0 GiB)
[   80.449596] sd 2:0:0:0: Attached scsi generic sg0 type 0
[   80.556051] sd 2:0:1:0: Attached scsi generic sg1 type 0
[   80.881695] sd 2:0:1:0: [sdb] 20480 512-byte logical blocks: (10.5 MB/10.0 MiB)
[   80.881795] sd 2:0:0:0: [sda] Write Protect is off
[   80.881901] sd 2:0:0:0: [sda] Incomplete mode parameter data
[   80.881901] sd 2:0:0:0: [sda] Assuming drive cache: write through
[   80.990589]  sda: sda1
[   80.991605] sd 2:0:0:0: [sda] Attached SCSI disk
[   81.510054] sd 2:0:1:0: [sdb] Write Protect is off
[   81.528636] sd 2:0:1:0: [sdb] Incomplete mode parameter data
[   81.892087] sd 2:0:1:0: [sdb] Assuming drive cache: write through
[   82.094041] sd 2:0:1:0: [sdb] Attached SCSI disk
Begin: Loading e[   83.642843] md: linear personality registered for level -1
ssential drivers[   83.647990] md: multipath personality registered for level -4
 ... [   83.664619] md: raid0 personality registered for level 0
[   83.687263] md: raid1 personality registered for level 1
[   83.939156] raid6: sse2x1   gen()  8033 MB/s
[   84.055415] raid6: sse2x1   xor()  1542 MB/s
[   84.251393] raid6: sse2x2   gen()  5610 MB/s
[   84.461096] raid6: sse2x2   xor()  4853 MB/s
[   84.667729] raid6: sse2x4   gen()  9645 MB/s
[   84.775758] raid6: sse2x4   xor()  1931 MB/s
[   84.799701] raid6: using algorithm sse2x4 gen() 9645 MB/s
[   84.892029] raid6: .... xor() 1931 MB/s, rmw enabled
[   84.904016] raid6: using ssse3x2 recovery algorithm
[   85.007614] xor: automatically using best checksumming function:
[   85.123643]    avx       : 29215.000 MB/sec
[   85.224661] async_tx: api initialized (async)
[   85.302638] md: raid6 personality registered for level 6
[   85.424935] md: raid5 personality registered for level 5
[   85.533021] md: raid4 personality registered for level 4
[   85.712188] md: raid10 personality registered for level 10
done.
Begin: Running /scripts/init-premount ...[   85.915072] Btrfs loaded
 done.
Begin: Mounting root file system ... Begin: Running /scripts/local-top ... done.
Begin: Running /scripts/local-premount ... Scanning for Btrfs filesystems
done.
Warning: fsck no[   85.970734] EXT4-fs (sda1): mounted filesystem with ordered data mode. Opts: (null)
t present, so skipping root file system
done.
Begin: Running /scripts/local-bottom ... done.
Begin: Running /scripts/init-bottom ... done.
[   86.360709] systemd[1]: systemd 229 running in system mode. (+PAM +AUDIT +SELINUX +IMA +APPARMOR +SMACK +SYSVINIT +UTMP +LIBCRYPTSETUP +GCRYPT +GNUTLS +ACL +XZ -LZ4 +SECCOMP +BLKID +ELFUTILS +KMOD -IDN)
[   86.949810] systemd[1]: Detected virtualization oracle.
[   86.962350] systemd[1]: Detected architecture x86-64.

Welcome to [1mUbuntu 16.04.2 LTS[0m!

[   87.000920] systemd[1]: Set hostname to <ubuntu-xenial>.
[   87.429000] systemd[1]: Liseening on udev Kernel Socket.
[[0;32m  OK  [0m] Listening on udev Kernel Socket.
[   87.648221] systemd[1]: Listening on Syslog Socket.
[[0;32m  OK  [0m] Listening on Syslog Socket.
[   87.844478] systemd[1]: Listening on udev Control Socket.
[[0;32m  OK  [0m] Listening on udev Control Socket.
[   88.027701] systemd[1]: Listening on LVM2 metadata daemon socket.
[[0;32m  OK  [0m] Listening on LVM2 metadata daemon socket.
[   88.067572] systemd[1]: Reached target User and Group Name Lookups.
[[0;32m  OK  [0m] Reached target User and Group Name Lookups.
[   88.091106] systemd[1]: Listening on Journal Socket (/dev/log).
[[0;32m  OK  [0m] Listening on Journal Socket (/dev/log).
[   88.151859] systemd[1]: Listening on /dev/initctl Compatibility Named Pipe.
[[0;32m  OK  [0m] Listening on /dev/initctl Compatibility Named Pipe.
[   88.384504] systemd[1]: Created slice User and Session Slice.
[[0;32m  OK  [0m] Created slice User and Session Slice.
[   88.555632] systemd[1]: Listening on Device-mapper event daemon FIFOs.
[[0;32m  OK  [0m] Listening on Device-mapper event daemon FIFOs.
[   88.888712] systemd[1]: Listening on Journal Audit Socket.
[[0;32m  OK  [0m] Listening on Journal Audit Socket.
[   89.143655] systemd[1]: Listening on Journal Socket.
[[0;32m  OK  [0m] Listening on Journal Socket.
[   89.160295] systemd[1]: Set up automount Arbitrary Executable File Formats File System Automount Point.
[[0;32m  OK  [0m] Set up automount Arbitrary Executab...ats File System Automount Point.
[   89.227958] systemd[1]: Reached target Swap.
[[0;32m  OK  [0m] Reached target Swap.
[   89.512612] systemd[1]: Created slice System Slice.
[[0;32m  OK  [0m] Created slice System Slice.
[   89.803491] systemd[1]: Reached target Slices.
[[0;32m  OK  [0m] Reached target Slices.
[   90.123568] systemd[1]: Mounting Huge Pages File System...
         [   90.253286] random: nonblocking pool is initialized
Mounting Huge Pages File System...
[   90.273307] systemd[1]: Starting Monitoring of LVM2 mirrors, snapshots etc. using dmeventd or progress polling...
         Starting Monitoring of LVM2 mirrors... dmeventd or progress polling...
[   90.664180] systemd[1]: Mounting RPC Pipe File System...
         Mountin[   90.905418] RPC: Registered named UNIX socket transport module.
g RPC Pipe File [   91.187905] RPC: Registered udp transport module.
System...
[   91.321288] RPC: Registered tcp transport module.
[   91.426247] RPC: Registered tcp NFSv4.1 backchannel transport module.
[   91.427149] systemd[1]: Starting Load Kernel Modules...
         [   91.832927] Loading iSCSI transport class v2.0-870.
Starting Load Ke[   92.044554] iscsi: registered transport (tcp)
rnel Modules...
[   92.193657] iscsi: registered transport (iser)
[   92.352302] systemd[1]: Starting Nameserver information manager...
         Starting Nameserver information manager...
[   92.531943] systemd[1]: Mounting Debug File System...
         Mounting Debug File System...
[   92.904268] systemd[1]: Startin  Set console keymap...
         Starting Set console keymap...
[   93.287948] systemd[1]: Starting Uncomplicated firewall...
         Starting Uncomplicated firewall...
[   93.493526] systemd[1]: Starting Journal Service...
         Starting Journal Service...
[   93.712318] systemd[1]: Starting Create list of required static device nodes for the current kernel...
         Starting Create list of required st... nodes for the current kernel...
[   94.335821] systemd[1]: Started Forward Password Requests to Wall Directory Watch.
[[0;32m  OK  [0m] Started Forward Password Requests to Wall Directory Watch.
[   94.624049] systemd[1]: Mounting POSIX Message Queue File System...
         Mounting POSIX Message Queue File System...
[   94.847814] systemd[1]: Reached target EncryptedVVolumes.
[[0;32m  OK  [0m] Reached target Encrypted Volumes.
[   95.275781] systemd[1]: Starting Remount Root and Kernel Fil  Systems...
[   95.279260] EXT4-fs (sda1): re-mounted. Opts: (null)
         Starting Remount Root and Kernel File Systems...
[   95.896079] systemd[1]: Created slice system-serial\x2dgetty.siice.
[[0;32m  OK  [0m] Created slice system-serial\x2dgetty.slice.
[   96.371970] systemd[1]: Listening on LVM2 poll daemon socket.
[[0;32m  OK  [0m] Listening on LVM2 poll daemon socket.
[   96.715767] systemd[1]: Started Trigger resolvconf update for networkd DNS.
[[0;32m  OK  [0m] Started Trigger resolvconf update for networkd DNS.
[   96.796348] systemd[1]: Mounted RPC Pipe File System.
[[0;32m  OK  [0m] Mounted RPC Pipe File System.
[   97.016337] systemd[1]: Mounted Huge Pages File System.
[[0;32m  OK  [0m] Mounted Huge Pages File System.
[   97.427818] systemd[1]: Mounted Debug File System.
[[0;32m  OK  [0m] Mounted Debug File System.
[   97.724094] systemd[1]: Mounted POSIX Message Queue File System.
[[0;32m  OK  [0m] Mounted POSIX Message Queue File System.
[   97.855706] systemd[1]: Started Journal Service.
[[0;32m  OK  [0m] Started Journal Service.
[[0;32m  OK  [0m] Started Load Kernel Modules.
[[0;32m  OK  [0m] Started Set console keymap.
[[0;32m  OK  [0m] Started Uncomplicated firewall.
[[0;32m  OK  [0m] Started Create list of required sta...ce nodes for the current kernel.
[[0;32m  OK  [0m] Started Remount Root and Kernel File Systems.
[[0;32m  OK  [0m] Started Nameserver information manager.
[[0;32m  OK  [0m] Started LVM2 metadata daemon.
         Starting Load/Save Random Seed...
         Starting udev Coldplug all Devices...
         Starting Initial cloud-init job (pre-networking)...
         Starting Create Static Device Nodes in /dev...
         Starting Apply Kernel Variables...
         Mounting FUSE Control File System...
         Starting Flush Journal to Persistent Storage...
[[0;32m  OK  [0m] Mounted FUSE Control File System.
[[0;32m  OK  [0m] Started Load/Save Random Seed.
[[0;32m  OK  [0m] Started Create Static Device Nodes in /dev.
[[0;32m  OK  [0m] Started Apply Kernel Variables.
[[0;32m  OK  [0m] Started udev Coldplug all Devices.
[[0;32m  OK  [0m] Started Flush Journal to Persistent Storage.
         Starting udev Kernel Device Manager...
[[0;32m  OK  [0m] Started udev Kernel Device Manager.
[[0;32m  OK  [0m] Started Dispatch Password Requests to Console Directory Watch.
[[0;32m  OK  [0m] Started Monitoring of LVM2 mirrors,...ng dmeventd or progress polling.
[[0;32m  OK  [0m] Reached target Local File Systems (Pre).
[[0;32m  OK  [0m] Reached target Local File Systems.
         Starting Set console font and keymap...
         Starting Tell Plymouth To Write Out Runtime Data...
         Starting Create Volatile Files and Directories...
         Starting Preprocess NFS configuration...
         Starting LSB: AppArmor initialization...
[   54.682116] cloud-init[458]: Cloud-init v. 0.7.9 running 'init-local' at Tue, 20 Jun 2017 09:22:23 +0000. Up 54.09 seconds.
[[0;32m  OK  [0m] Started Set console font and keymap.
[[0;32m  OK  [0m] Started Tell Plymouth To Write Out Runtime Data.
[[0;32m  OK  [0m] Started Create Volatile Files and Directories.
[[0;32m  OK  [0m] Started Preprocess NFS configuration.
[[0;32m  OK  [0m] Started Initial cloud-init job (pre-networking).
[[0;32m  OK  [0m] Found device /dev/ttyS0.
[[0;32m  OK  [0m] Listening on Load/Save RF Kill Switch Status /dev/rfkill Watch.
[[0;32m  OK  [0m] Reached target Network (Pre).
[[0;32m  OK  [0m] Reached target NFS client services.
         Starting Update UTMP about System Boot/Shutdown...
[[0;32m  OK  [0m] Reached target System Time Synchronized.
[[0;32m  OK  [0m] Created slice system-getty.slice.
[[0;32m  OK  [0m] Started LSB: AppArmor initialization.
         Starting Raise network interfaces...
[[0;32m  OK  [0m] Started ifup for enp0s3.
[[0;32m  OK  [0m] Started ifup for enp0s8.
[[0;32m  OK  [0m] Started Update UTMP about System Boot/Shutdown.
[[0;32m  OK  [0m] Started Raise network interfaces.
         Starting Initial cloud-init job (metadata service crawler)...
[[0;32m  OK  [0m] Reached target Network.
[   57.860254] cloud-init[1072]: Cloud-init v. 0.7.9 running 'init' at Tue, 20 Jun 2017 09:22:27 +0000. Up 57.53 seconds.
[[0;32m  OK  [0m] Started Initial cloud-init job (metadata service crawler).
[[0;32m  OK  [0m] Reached target Network is Online.
[   57.989432] cloud-init[1072]: ci-info: ++++++++++++++++++++++++++++++++++++++Net device info++++++++++++++++++++++++++++++++++++++
[   58.084291] cloud-init[1072]: ci-info: +--------+------+-----------------------------+---------------+-------+-------------------+
         Starting iSCSI initiator daemon (iscsid)...
[   58.130978] cloud-init[1072]: ci-info: | Device |  Up  |           Address           |      Mask     | Scope |     Hw-Address    |
[   58.204941] cloud-init[1072]: ci-info: +--------+------+-----------------------------+---------------+-------+-------------------+
[[0;32m  OK  [0m] Reached target Cloud-config availability.
[[0;32m  OK  [0m] Reached target System Initialization.
[[0;32m  OK  [0m] Started Daily Cleanup of Temporary Directories.
[[0;32m  OK  [0m] Listening on D-Bus System Message Bus Socket.
[[0;32m  OK  [0m] Listening on ACPID Listen Socket.
[   58.238248] cloud-init[1072]: ci-info: | enp0s8 | True |         172.28.128.3        | 255.255.255.0 |   .   | 08:00:27:78:7f:fe |
[   58.396690] [[0;32m  OK  [0m] Started Timer to automatically refresh installed snaps.
cloud-init[1072]: ci-info: | enp0s8 | True | fe80::a00:27ff:fe78:7ffe/64 |       .       |  link | 08:00:27:78:7f:fe |
[   58.484352]          cloud-initStarting Socket activation for snappy daemon.[1072]: 
ci-info: |   lo   | True |          127.0.0.1          |   255.0.0.0   |   .   |         .         |
[   58.601165]          cloud-initStarting LXD - unix socket.[1072]: 
ci-info: |   lo   | True |           ::1/128           |       .       |  host |         .         |
[   58.780381] [cloud-init[0;32m  OK  [0m[1072]: ] ci-info: | enp0s3 | True |          10.0.2.15          | 255.255.255.0 |   .   | 02:f2:73:7c:19:36 |Listening on UUID daemon activation socket.

[   58.780935] [cloud-init[0;32m  OK  [0m[1072]: ] ci-info: | enp0s3 | True |  fe80::f2:73ff:fe7c:1936/64 |       .       |  link | 02:f2:73:7c:19:36 |Started ACPI Events Check.

[   58.980456] [cloud-init[0;32m  OK  [0m[1072]: ] ci-info: +--------+------+-----------------------------+---------------+-------+-------------------+Reached target Paths.

[[0;32m  OK  [0m] Listening on RPCbind Server Activation Socket.
[[0;32m  OK  [0m] Started Daily apt activities.
[   58.981211] [cloud-init[0;32m  OK  [0m[1072]: ] ci-info: ++++++++++++++++++++++++++++Route IPv4 info++++++++++++++++++++++++++++Reached target Timers.

[   59.082298] [[0;32m  OK  [0m] Listening on Socket activation for snappy daemon.
[[0;32m  OK  [0m] Listening on LXD - unix socket.
cloud-init[1072]: ci-info: +-------+--------------+----------+---------------+-----------+-------+
[   59.223832] [cloud-init[0;32m  OK  [0m[1072]: ] ci-info: | Route | Destination  | Gateway  |    Genmask    | Interface | Flags |Started iSCSI initiator daemon (iscsid).

[   59.224425] cloud-init[1072]: ci-info: +-------+--------------+----------+---------------+-----------+-------+
[   59.279478] cloud-init[1072]: ci-info: |   0   |   0.0.0.0    | 10.0.2.2 |    0.0.0.0    |   enp0s3  |   UG  |
         Starting Login to default iSCSI targets...
[   59.280345] [[0;32m  OK  [0m] Reached target Sockets.
[[0;32m  OK  [0m] Reached target Basic System.
cloud-init[1072]: ci-info: |   1   |   10.0.2.0   | 0.0.0.0  | 255.255.255.0 |   enp0s3  |   U   |
         Starting Login Service...
[   59.357461] cloud-init[1072]: ci-info: |   2   | 172.28.128.0 | 0.0.0.0  | 255.255.255.0 |   enp0s8  |   U   |
[   59.404463]          Starting The PHP 7.0 FastCGI Process Manager...
cloud-init[1072]: ci-info: +-------+--------------+----------+---------------+-----------+-------+
         Starting A high performance web server and a reverse proxy server...
         Starting The Salt Minion...
[[0;32m  OK  [0m] Started Deferred execution scheduler.
         Starting LSB: MD monitoring daemon...
         Starting /etc/rc.local Compatibility...
         Starting System Logging Service...
         Starting Accounts Service...
[[0;32m  OK  [0m] Started FUSE filesystem for LXC.
         Starting LSB: Record successful boot for GRUB...
         Starting LXD - container startup/shutdown...
[[0;32m  OK  [0m] Started ACPI event daemon.
[[0;32m  OK  [0m] Started D-Bus System Message Bus.
         Starting OpenBSD Secure Shell server...
[[0;32m  OK  [0m] Started Unattended Upgrades Shutdown.
[[0;32m  OK  [0m] Started Regular background program processing daemon.
         Starting Apply the settings specified in cloud-config...
[[0;32m  OK  [0m] Started Snappy daemon.
         Starting Auto import assertions from block devices...
[[0;32m  OK  [0m] Started System Logging Service.
[[0;32m  OK  [0m] Started The Salt Minion.
[[0;32m  OK  [0m] Started OpenBSD Secure Shell server.
[[0;32m  OK  [0m] Started /etc/rc.local Compatibility.
[[0;32m  OK  [0m] Started LXD - container startup/shutdown.
[[0;32m  OK  [0m] Started Auto import assertions from block devices.
[[0;32m  OK  [0m] Started A high performance web server and a reverse proxy server.
[[0;32m  OK  [0m] Started The PHP 7.0 FastCGI Process Manager.
[   60.920442] cloud-init[1207]: Cloud-init v. 0.7.9 running 'modules:config' at Tue, 20 Jun 2017 09:22:30 +0000. Up 60.76 seconds.
[[0;32m  OK  [0m] Started LSB: MD monitoring daemon.
[[0;32m  OK  [0m] Started LSB: Record successful boot for GRUB.
[[0;32m  OK  [0m] Started Apply the settings specified in cloud-config.
[[0;32m  OK  [0m] Started Login to default iSCSI targets.
[[0;32m  OK  [0m] Started Login Service.
         Starting Authenticate and Authorize Users to Run Privileged Tasks...
[[0;32m  OK  [0m] Reached target Remote File Systems (Pre).
[[0;32m  OK  [0m] Reached target Remote File Systems.
         Starting LSB: Set the CPU Frequency Scaling governor to "ondemand"...
         Starting Permit User Sessions...
         Starting LSB: VirtualBox Linux Additions...
         Starting LSB: daemon to balance interrupts for SMP systems...
         Starting LSB: automatic crash report generation...
[[0;32m  OK  [0m] Started Permit User Sessions.
[[0;32m  OK  [0m] Started Authenticate and Authorize Users to Run Privileged Tasks.
[[0;32m  OK  [0m] Started Accounts Service.
[[0;32m  OK  [0m] Started LSB: Set the CPU Frequency Scaling governor to "ondemand".
[[0;32m  OK  [0m] Created slice User Slice of ubuntu.
[[0;32m  OK  [0m] Started Session 1 of user ubuntu.
         Starting User Manager for UID 1000...
         Starting Terminate Plymouth Boot Screen...
         Starting Hold until boot process finishes up...
[[0;32m  OK  [0m] Started User Manager for UID 1000.
[[0;32m  OK  [0m] Started LSB: VirtualBox Linux Additions.
[[0;32m  OK  [0m] Started LSB: daemon to balance interrupts for SMP systems.
[[0;32m  OK  [0m] Started LSB: automatic crash report generation.
[[0;32m  OK  [0m] Started Terminate Plymouth Boot Screen.
[[0;32m  OK  [0m] Started Hold until boot process finishes up.
         Starting Set console scheme...
[[0;32m  OK  [0m] Started Getty on tty1.
[[0;32m  OK  [0m] Started Serial Getty on ttyS0.
[[0;32m  OK  [0m] Reached target Login Prompts.
[[0;32m  OK  [0m] Reached target Multi-User System.
         Starting Execute cloud user/final scripts...
[[0;32m  OK  [0m] Reached target Graphical Interface.
         Starting Update UTMP about System Runlevel Changes...
[[0;32m  OK  [0m] Started Set console scheme.
[[0;32m  OK  [0m] Started Update UTMP about System Runlevel Changes.
[   63.074883] cloud-init[1402]: Cloud-init v. 0.7.9 running 'modules:final' at Tue, 20 Jun 2017 09:22:32 +0000. Up 62.89 seconds.
[   63.124399] cloud-init[1402]: Cloud-init v. 0.7.9 finished at Tue, 20 Jun 2017 09:22:32 +0000. Datasource DataSourceNoCloud [seed=/dev/sdb][dsmode=net].  Up 63.06 seconds
[[0;32m  OK  [0m] Started Execute cloud user/final scripts.
[[0;32m  OK  [0m] Reached target Cloud-init target.

Ubuntu 16.04.2 LTS ubuntu-xenial ttyS0

ubuntu-xenial login: 